12:41:34.610 [main] INFO  - Goto my account-->Click on Login.. 
12:41:35.706 [main] INFO  - Entering email and password.. 
12:41:37.736 [main] INFO  - clicked on login button...
12:41:47.863 [main] INFO  - Goto my account-->Click on Login.. 
12:41:48.788 [main] INFO  - Entering email and password.. 
12:41:50.744 [main] INFO  - clicked on login button...
12:42:00.455 [main] INFO  - Goto my account-->Click on Login.. 
12:42:01.484 [main] INFO  - Entering email and password.. 
12:42:03.562 [main] INFO  - clicked on login button...
13:21:46.213 [main] INFO  - Goto my account-->Click on Login.. 
13:21:47.909 [main] INFO  - Entering email and password.. 
13:21:49.175 [main] INFO  - clicked on login button...
13:22:39.295 [main] INFO  - Goto my account-->Click on Login.. 
13:22:40.304 [main] INFO  - Entering email and password.. 
13:22:42.191 [main] INFO  - clicked on login button...
13:39:46.734 [main] INFO  - Goto my account-->Click on Login.. 
13:39:47.548 [main] INFO  - Entering email and password.. 
13:39:48.714 [main] INFO  - clicked on login button...
13:40:05.070 [main] INFO  - Goto my account-->Click on Login.. 
13:40:07.061 [main] INFO  - Entering email and password.. 
13:40:08.154 [main] INFO  - clicked on login button...
13:40:15.221 [main] INFO  - Goto my account-->Click on Login.. 
13:40:16.571 [main] INFO  - Entering email and password.. 
13:40:17.919 [main] INFO  - clicked on login button...
13:40:42.726 [main] INFO  - Goto my account-->Click on Login.. 
13:40:43.681 [main] INFO  - Entering email and password.. 
13:40:44.629 [main] INFO  - clicked on login button...
13:45:11.685 [main] INFO  - Goto my account-->Click on Login.. 
13:45:12.881 [main] INFO  - Entering email and password.. 
13:45:13.862 [main] INFO  - clicked on login button...
13:46:39.873 [pool-1-thread-1] INFO  - Goto my account-->Click on Login.. 
13:46:40.929 [pool-1-thread-1] INFO  - Entering email and password.. 
13:46:41.870 [pool-1-thread-1] INFO  - clicked on login button...
13:48:19.132 [pool-1-thread-2] INFO  - Goto my account-->Click on Login.. 
13:48:21.774 [pool-1-thread-2] INFO  - Entering email and password.. 
13:51:17.164 [main] INFO  - Goto my account-->Click on Login.. 
13:51:18.140 [main] INFO  - Entering email and password.. 
13:51:19.067 [main] INFO  - clicked on login button...
23:25:44.417 [pool-1-thread-2] INFO  - Goto my account-->Click on Login.. 
23:25:47.073 [pool-1-thread-2] INFO  - Entering email and password.. 
23:25:50.980 [pool-1-thread-2] INFO  - clicked on login button...
23:29:31.428 [pool-1-thread-2] INFO  - Goto my account-->Click on Login.. 
23:29:35.550 [pool-1-thread-2] INFO  - Entering email and password.. 
23:29:41.779 [pool-1-thread-2] INFO  - clicked on login button...
23:32:31.275 [pool-1-thread-2] INFO  - Goto my account-->Click on Login.. 
23:32:52.579 [pool-1-thread-2] INFO  - Entering email and password.. 
23:32:57.465 [pool-1-thread-2] INFO  - clicked on login button...
23:37:11.343 [pool-1-thread-2] INFO  - Goto my account-->Click on Login.. 
23:37:14.689 [pool-1-thread-2] INFO  - Entering email and password.. 
23:37:16.674 [pool-1-thread-2] INFO  - clicked on login button...
